<?xml version="1.0" encoding="UTF-8"?>
<!-- Generated by org.testng.reporters.JUnitXMLReporter -->
<testsuite hostname="DESKTOP-0NJPTMA" ignored="2" name="Test" tests="5" failures="0" timestamp="14 Nov 2020 04:18:40 GMT" time="5.334" errors="0">
  <testcase name="@BeforeMethod initialization" time="4.725" classname="com.costco.qa.base.BaseTest">
    <failure type="org.openqa.selenium.SessionNotCreatedException" message="session not created: This version of ChromeDriver only supports Chrome version 80
Build info: version: &amp;apos;3.141.59&amp;apos;, revision: &amp;apos;e82be7d358&amp;apos;, time: &amp;apos;2018-11-14T08:17:03&amp;apos;
System info: host: &amp;apos;DESKTOP-0NJPTMA&amp;apos;, ip: &amp;apos;192.168.202.1&amp;apos;, os.name: &amp;apos;Windows 10&amp;apos;, os.arch: &amp;apos;amd64&amp;apos;, os.version: &amp;apos;10.0&amp;apos;, java.version: &amp;apos;1.8.0_201&amp;apos;
Driver info: driver.version: ChromeDriver
remote stacktrace: Backtrace:
	Ordinal0 [0x01000C83+1707139]
	Ordinal0 [0x00F668F1+1075441]
	Ordinal0 [0x00EDDFC9+516041]
	Ordinal0 [0x00E70554+66900]
	Ordinal0 [0x00E6CCE2+52450]
	Ordinal0 [0x00E8BFD7+180183]
	Ordinal0 [0x00E8BDDD+179677]
	Ordinal0 [0x00E89D4B+171339]
	Ordinal0 [0x00E71D4A+73034]
	Ordinal0 [0x00E72DC0+77248]
	Ordinal0 [0x00E72D59+77145]
	Ordinal0 [0x00F7BB67+1162087]
	GetHandleVerifier [0x0109A966+508998]
	GetHandleVerifier [0x0109A6A4+508292]
	GetHandleVerifier [0x010AF7B7+594583]
	GetHandleVerifier [0x0109B1D6+511158]
	Ordinal0 [0x00F7402C+1130540]
	Ordinal0 [0x00F7D4CB+1168587]
	Ordinal0 [0x00F7D633+1168947]
	Ordinal0 [0x00F95B35+1268533]
	BaseThreadInitThunk [0x74988494+36]
	RtlAreBitsSet [0x778C41C8+136]
	RtlAreBitsSet [0x778C4198+88]
">
      <![CDATA[org.openqa.selenium.SessionNotCreatedException: session not created: This version of ChromeDriver only supports Chrome version 80
Build info: version: '3.141.59', revision: 'e82be7d358', time: '2018-11-14T08:17:03'
System info: host: 'DESKTOP-0NJPTMA', ip: '192.168.202.1', os.name: 'Windows 10', os.arch: 'amd64', os.version: '10.0', java.version: '1.8.0_201'
Driver info: driver.version: ChromeDriver
remote stacktrace: Backtrace:
Ordinal0 [0x01000C83+1707139]
Ordinal0 [0x00F668F1+1075441]
Ordinal0 [0x00EDDFC9+516041]
Ordinal0 [0x00E70554+66900]
Ordinal0 [0x00E6CCE2+52450]
Ordinal0 [0x00E8BFD7+180183]
Ordinal0 [0x00E8BDDD+179677]
Ordinal0 [0x00E89D4B+171339]
Ordinal0 [0x00E71D4A+73034]
Ordinal0 [0x00E72DC0+77248]
Ordinal0 [0x00E72D59+77145]
Ordinal0 [0x00F7BB67+1162087]
GetHandleVerifier [0x0109A966+508998]
GetHandleVerifier [0x0109A6A4+508292]
GetHandleVerifier [0x010AF7B7+594583]
GetHandleVerifier [0x0109B1D6+511158]
Ordinal0 [0x00F7402C+1130540]
Ordinal0 [0x00F7D4CB+1168587]
Ordinal0 [0x00F7D633+1168947]
Ordinal0 [0x00F95B35+1268533]
BaseThreadInitThunk [0x74988494+36]
RtlAreBitsSet [0x778C41C8+136]
RtlAreBitsSet [0x778C4198+88]

at org.openqa.selenium.remote.W3CHandshakeResponse.lambda$errorHandler$0(W3CHandshakeResponse.java:62)
at org.openqa.selenium.remote.HandshakeResponse.lambda$getResponseFunction$0(HandshakeResponse.java:30)
at org.openqa.selenium.remote.ProtocolHandshake.lambda$createSession$0(ProtocolHandshake.java:126)
at java.util.stream.ReferencePipeline$3$1.accept(ReferencePipeline.java:193)
at java.util.Spliterators$ArraySpliterator.tryAdvance(Spliterators.java:958)
at java.util.stream.ReferencePipeline.forEachWithCancel(ReferencePipeline.java:126)
at java.util.stream.AbstractPipeline.copyIntoWithCancel(AbstractPipeline.java:498)
at java.util.stream.AbstractPipeline.copyInto(AbstractPipeline.java:485)
at java.util.stream.AbstractPipeline.wrapAndCopyInto(AbstractPipeline.java:471)
at java.util.stream.FindOps$FindOp.evaluateSequential(FindOps.java:152)
at java.util.stream.AbstractPipeline.evaluate(AbstractPipeline.java:234)
at java.util.stream.ReferencePipeline.findFirst(ReferencePipeline.java:464)
at org.openqa.selenium.remote.ProtocolHandshake.createSession(ProtocolHandshake.java:128)
at org.openqa.selenium.remote.ProtocolHandshake.createSession(ProtocolHandshake.java:74)
at org.openqa.selenium.remote.HttpCommandExecutor.execute(HttpCommandExecutor.java:136)
at org.openqa.selenium.remote.service.DriverCommandExecutor.execute(DriverCommandExecutor.java:83)
at org.openqa.selenium.remote.RemoteWebDriver.execute(RemoteWebDriver.java:552)
at org.openqa.selenium.remote.RemoteWebDriver.startSession(RemoteWebDriver.java:213)
at org.openqa.selenium.remote.RemoteWebDriver.<init>(RemoteWebDriver.java:131)
at org.openqa.selenium.chrome.ChromeDriver.<init>(ChromeDriver.java:181)
at org.openqa.selenium.chrome.ChromeDriver.<init>(ChromeDriver.java:168)
at org.openqa.selenium.chrome.ChromeDriver.<init>(ChromeDriver.java:123)
at com.costco.qa.base.BaseTest.initialization(BaseTest.java:57)
... Removed 32 stack frames]]>
    </failure>
  </testcase> <!-- @BeforeMethod initialization -->
  <testcase name="@BeforeMethod setUp" time="0.0" classname="com.costco.qa.tests.ShopAllDeptPageTest">
    <skipped/>
  </testcase> <!-- @BeforeMethod setUp -->
  <testcase name="@AfterMethod tearDown" time="0.0" classname="com.costco.qa.tests.ShopAllDeptPageTest">
    <skipped/>
  </testcase> <!-- @AfterMethod tearDown -->
  <testcase name="@AfterMethod extentReportProducer" time="0.0" classname="com.costco.qa.base.BaseTest">
    <skipped/>
  </testcase> <!-- @AfterMethod extentReportProducer -->
  <testcase name="@BeforeMethod initialization" time="0.0" classname="com.costco.qa.base.BaseTest">
    <skipped/>
  </testcase> <!-- @BeforeMethod initialization -->
  <testcase name="@BeforeMethod setUp" time="0.0" classname="com.costco.qa.tests.ShopAllDeptPageTest">
    <skipped/>
  </testcase> <!-- @BeforeMethod setUp -->
  <testcase name="@AfterMethod tearDown" time="0.0" classname="com.costco.qa.tests.ShopAllDeptPageTest">
    <skipped/>
  </testcase> <!-- @AfterMethod tearDown -->
  <testcase name="@AfterMethod extentReportProducer" time="0.0" classname="com.costco.qa.base.BaseTest">
    <skipped/>
  </testcase> <!-- @AfterMethod extentReportProducer -->
  <testcase name="@BeforeMethod initialization" time="0.0" classname="com.costco.qa.base.BaseTest">
    <skipped/>
  </testcase> <!-- @BeforeMethod initialization -->
  <testcase name="@BeforeMethod setUp" time="0.0" classname="com.costco.qa.tests.HomePageTest">
    <skipped/>
  </testcase> <!-- @BeforeMethod setUp -->
  <testcase name="@AfterMethod tearDown" time="0.0" classname="com.costco.qa.tests.HomePageTest">
    <skipped/>
  </testcase> <!-- @AfterMethod tearDown -->
  <testcase name="@AfterMethod extentReportProducer" time="0.0" classname="com.costco.qa.base.BaseTest">
    <skipped/>
  </testcase> <!-- @AfterMethod extentReportProducer -->
  <testcase name="@BeforeMethod initialization" time="0.0" classname="com.costco.qa.base.BaseTest">
    <skipped/>
  </testcase> <!-- @BeforeMethod initialization -->
  <testcase name="@BeforeMethod setUp" time="0.0" classname="com.costco.qa.tests.HomePageTest">
    <skipped/>
  </testcase> <!-- @BeforeMethod setUp -->
  <testcase name="@AfterMethod tearDown" time="0.0" classname="com.costco.qa.tests.HomePageTest">
    <skipped/>
  </testcase> <!-- @AfterMethod tearDown -->
  <testcase name="@AfterMethod extentReportProducer" time="0.0" classname="com.costco.qa.base.BaseTest">
    <skipped/>
  </testcase> <!-- @AfterMethod extentReportProducer -->
  <testcase name="@BeforeMethod initialization" time="0.0" classname="com.costco.qa.base.BaseTest">
    <skipped/>
  </testcase> <!-- @BeforeMethod initialization -->
  <testcase name="@BeforeMethod setUp" time="0.0" classname="com.costco.qa.tests.HomePageTest">
    <skipped/>
  </testcase> <!-- @BeforeMethod setUp -->
  <testcase name="@AfterMethod tearDown" time="0.0" classname="com.costco.qa.tests.HomePageTest">
    <skipped/>
  </testcase> <!-- @AfterMethod tearDown -->
  <testcase name="@AfterMethod extentReportProducer" time="0.0" classname="com.costco.qa.base.BaseTest">
    <skipped/>
  </testcase> <!-- @AfterMethod extentReportProducer -->
  <testcase name="@AfterTest endReport" time="0.0" classname="com.costco.qa.base.BaseTest">
    <skipped/>
  </testcase> <!-- @AfterTest endReport -->
  <testcase name="titleTest" time="0.0" classname="com.costco.qa.base.BaseTest">
    <skipped/>
  </testcase> <!-- titleTest -->
  <testcase name="verifyShopAllDeptPageTitle" time="0.0" classname="com.costco.qa.tests.ShopAllDeptPageTest">
    <skipped/>
  </testcase> <!-- verifyShopAllDeptPageTitle -->
  <testcase name="titleTest" time="0.0" classname="com.costco.qa.base.BaseTest">
    <skipped/>
  </testcase> <!-- titleTest -->
  <testcase name="logoTest" time="0.0" classname="com.costco.qa.tests.HomePageTest">
    <skipped/>
  </testcase> <!-- logoTest -->
  <testcase name="searchBoxTest" time="0.0" classname="com.costco.qa.tests.HomePageTest">
    <skipped/>
  </testcase> <!-- searchBoxTest -->
  <testcase name="@AfterTest endReport" time="0.0" classname="com.costco.qa.base.BaseTest">
    <ignored/>
  </testcase> <!-- @AfterTest endReport -->
  <testcase name="@BeforeTest setExtent" time="0.0" classname="com.costco.qa.base.BaseTest">
    <ignored/>
  </testcase> <!-- @BeforeTest setExtent -->
</testsuite> <!-- Test -->
