<?xml version="1.0" encoding="UTF-8"?>
<!-- Generated by org.testng.reporters.JUnitReportReporter -->
<testsuite skipped="2" hostname="DESKTOP-0NJPTMA" name="com.costco.qa.tests.ShopAllDeptPageTest" tests="3" failures="0" timestamp="14 Nov 2020 04:18:40 GMT" time="4.725" errors="1">
  <testcase name="titleTest" time="0.000" classname="com.costco.qa.tests.ShopAllDeptPageTest">
    <skipped/>
  </testcase> <!-- titleTest -->
  <testcase name="verifyShopAllDeptPageTitle" time="0.000" classname="com.costco.qa.tests.ShopAllDeptPageTest">
    <skipped/>
  </testcase> <!-- verifyShopAllDeptPageTitle -->
  <testcase name="initialization" time="4.725" classname="com.costco.qa.tests.ShopAllDeptPageTest">
    <error type="org.openqa.selenium.SessionNotCreatedException" message="session not created: This version of ChromeDriver only supports Chrome version 80
Build info: version: &#039;3.141.59&#039;, revision: &#039;e82be7d358&#039;, time: &#039;2018-11-14T08:17:03&#039;
System info: host: &#039;DESKTOP-0NJPTMA&#039;, ip: &#039;192.168.202.1&#039;, os.name: &#039;Windows 10&#039;, os.arch: &#039;amd64&#039;, os.version: &#039;10.0&#039;, java.version: &#039;1.8.0_201&#039;
Driver info: driver.version: ChromeDriver
remote stacktrace: Backtrace:
	Ordinal0 [0x01000C83+1707139]
	Ordinal0 [0x00F668F1+1075441]
	Ordinal0 [0x00EDDFC9+516041]
	Ordinal0 [0x00E70554+66900]
	Ordinal0 [0x00E6CCE2+52450]
	Ordinal0 [0x00E8BFD7+180183]
	Ordinal0 [0x00E8BDDD+179677]
	Ordinal0 [0x00E89D4B+171339]
	Ordinal0 [0x00E71D4A+73034]
	Ordinal0 [0x00E72DC0+77248]
	Ordinal0 [0x00E72D59+77145]
	Ordinal0 [0x00F7BB67+1162087]
	GetHandleVerifier [0x0109A966+508998]
	GetHandleVerifier [0x0109A6A4+508292]
	GetHandleVerifier [0x010AF7B7+594583]
	GetHandleVerifier [0x0109B1D6+511158]
	Ordinal0 [0x00F7402C+1130540]
	Ordinal0 [0x00F7D4CB+1168587]
	Ordinal0 [0x00F7D633+1168947]
	Ordinal0 [0x00F95B35+1268533]
	BaseThreadInitThunk [0x74988494+36]
	RtlAreBitsSet [0x778C41C8+136]
	RtlAreBitsSet [0x778C4198+88]
">
      <![CDATA[org.openqa.selenium.SessionNotCreatedException: session not created: This version of ChromeDriver only supports Chrome version 80
Build info: version: '3.141.59', revision: 'e82be7d358', time: '2018-11-14T08:17:03'
System info: host: 'DESKTOP-0NJPTMA', ip: '192.168.202.1', os.name: 'Windows 10', os.arch: 'amd64', os.version: '10.0', java.version: '1.8.0_201'
Driver info: driver.version: ChromeDriver
remote stacktrace: Backtrace:
Ordinal0 [0x01000C83+1707139]
Ordinal0 [0x00F668F1+1075441]
Ordinal0 [0x00EDDFC9+516041]
Ordinal0 [0x00E70554+66900]
Ordinal0 [0x00E6CCE2+52450]
Ordinal0 [0x00E8BFD7+180183]
Ordinal0 [0x00E8BDDD+179677]
Ordinal0 [0x00E89D4B+171339]
Ordinal0 [0x00E71D4A+73034]
Ordinal0 [0x00E72DC0+77248]
Ordinal0 [0x00E72D59+77145]
Ordinal0 [0x00F7BB67+1162087]
GetHandleVerifier [0x0109A966+508998]
GetHandleVerifier [0x0109A6A4+508292]
GetHandleVerifier [0x010AF7B7+594583]
GetHandleVerifier [0x0109B1D6+511158]
Ordinal0 [0x00F7402C+1130540]
Ordinal0 [0x00F7D4CB+1168587]
Ordinal0 [0x00F7D633+1168947]
Ordinal0 [0x00F95B35+1268533]
BaseThreadInitThunk [0x74988494+36]
RtlAreBitsSet [0x778C41C8+136]
RtlAreBitsSet [0x778C4198+88]

at sun.reflect.NativeConstructorAccessorImpl.newInstance0(Native Method)
at sun.reflect.NativeConstructorAccessorImpl.newInstance(NativeConstructorAccessorImpl.java:62)
at sun.reflect.DelegatingConstructorAccessorImpl.newInstance(DelegatingConstructorAccessorImpl.java:45)
at java.lang.reflect.Constructor.newInstance(Constructor.java:423)
at org.openqa.selenium.remote.W3CHandshakeResponse.lambda$errorHandler$0(W3CHandshakeResponse.java:62)
at org.openqa.selenium.remote.HandshakeResponse.lambda$getResponseFunction$0(HandshakeResponse.java:30)
at org.openqa.selenium.remote.ProtocolHandshake.lambda$createSession$0(ProtocolHandshake.java:126)
at java.util.stream.ReferencePipeline$3$1.accept(ReferencePipeline.java:193)
at java.util.Spliterators$ArraySpliterator.tryAdvance(Spliterators.java:958)
at java.util.stream.ReferencePipeline.forEachWithCancel(ReferencePipeline.java:126)
at java.util.stream.AbstractPipeline.copyIntoWithCancel(AbstractPipeline.java:498)
at java.util.stream.AbstractPipeline.copyInto(AbstractPipeline.java:485)
at java.util.stream.AbstractPipeline.wrapAndCopyInto(AbstractPipeline.java:471)
at java.util.stream.FindOps$FindOp.evaluateSequential(FindOps.java:152)
at java.util.stream.AbstractPipeline.evaluate(AbstractPipeline.java:234)
at java.util.stream.ReferencePipeline.findFirst(ReferencePipeline.java:464)
at org.openqa.selenium.remote.ProtocolHandshake.createSession(ProtocolHandshake.java:128)
at org.openqa.selenium.remote.ProtocolHandshake.createSession(ProtocolHandshake.java:74)
at org.openqa.selenium.remote.HttpCommandExecutor.execute(HttpCommandExecutor.java:136)
at org.openqa.selenium.remote.service.DriverCommandExecutor.execute(DriverCommandExecutor.java:83)
at org.openqa.selenium.remote.RemoteWebDriver.execute(RemoteWebDriver.java:552)
at org.openqa.selenium.remote.RemoteWebDriver.startSession(RemoteWebDriver.java:213)
at org.openqa.selenium.remote.RemoteWebDriver.<init>(RemoteWebDriver.java:131)
at org.openqa.selenium.chrome.ChromeDriver.<init>(ChromeDriver.java:181)
at org.openqa.selenium.chrome.ChromeDriver.<init>(ChromeDriver.java:168)
at org.openqa.selenium.chrome.ChromeDriver.<init>(ChromeDriver.java:123)
at com.costco.qa.base.BaseTest.initialization(BaseTest.java:57)
at sun.reflect.NativeMethodAccessorImpl.invoke0(Native Method)
at sun.reflect.NativeMethodAccessorImpl.invoke(NativeMethodAccessorImpl.java:62)
at sun.reflect.DelegatingMethodAccessorImpl.invoke(DelegatingMethodAccessorImpl.java:43)
at java.lang.reflect.Method.invoke(Method.java:498)
at org.testng.internal.MethodInvocationHelper.invokeMethod(MethodInvocationHelper.java:124)
at org.testng.internal.MethodInvocationHelper.invokeMethodConsideringTimeout(MethodInvocationHelper.java:59)
at org.testng.internal.Invoker.invokeConfigurationMethod(Invoker.java:455)
at org.testng.internal.Invoker.invokeConfigurations(Invoker.java:222)
at org.testng.internal.Invoker.invokeMethod(Invoker.java:520)
at org.testng.internal.Invoker.invokeTestMethod(Invoker.java:716)
at org.testng.internal.Invoker.invokeTestMethods(Invoker.java:988)
at org.testng.internal.TestMethodWorker.invokeTestMethods(TestMethodWorker.java:125)
at org.testng.internal.TestMethodWorker.run(TestMethodWorker.java:109)
at org.testng.TestRunner.privateRun(TestRunner.java:648)
at org.testng.TestRunner.run(TestRunner.java:505)
at org.testng.SuiteRunner.runTest(SuiteRunner.java:455)
at org.testng.SuiteRunner.runSequentially(SuiteRunner.java:450)
at org.testng.SuiteRunner.privateRun(SuiteRunner.java:415)
at org.testng.SuiteRunner.run(SuiteRunner.java:364)
at org.testng.SuiteRunnerWorker.runSuite(SuiteRunnerWorker.java:52)
at org.testng.SuiteRunnerWorker.run(SuiteRunnerWorker.java:84)
at org.testng.TestNG.runSuitesSequentially(TestNG.java:1208)
at org.testng.TestNG.runSuitesLocally(TestNG.java:1137)
at org.testng.TestNG.runSuites(TestNG.java:1049)
at org.testng.TestNG.run(TestNG.java:1017)
at org.testng.remote.AbstractRemoteTestNG.run(AbstractRemoteTestNG.java:114)
at org.testng.remote.RemoteTestNG.initAndRun(RemoteTestNG.java:251)
at org.testng.remote.RemoteTestNG.main(RemoteTestNG.java:77)
]]>
    </error>
  </testcase> <!-- initialization -->
</testsuite> <!-- com.costco.qa.tests.ShopAllDeptPageTest -->
